
*** Running vivado
    with args -log design_1_GPU_controller_0_0.vds -m64 -product Vivado -mode batch -messageDb vivado.pb -notrace -source design_1_GPU_controller_0_0.tcl



****** Vivado v2020.2 (64-bit)
  **** SW Build 3064766 on Wed Nov 18 09:12:45 MST 2020
  **** IP Build 3064653 on Wed Nov 18 14:17:31 MST 2020
    ** Copyright 1986-2020 Xilinx, Inc. All Rights Reserved.

source design_1_GPU_controller_0_0.tcl -notrace
create_project: Time (s): cpu = 00:00:05 ; elapsed = 00:00:12 . Memory (MB): peak = 1103.594 ; gain = 0.000
INFO: [IP_Flow 19-234] Refreshing IP repositories
INFO: [IP_Flow 19-1700] Loaded user IP repository 'c:/Users/khali/ENSC_452_git/ENSC_452/DUAL_CPU/ip_repo'.
INFO: [IP_Flow 19-2313] Loaded Vivado IP repository 'C:/Xilinx/Vivado/2020.2/data/ip'.
Command: synth_design -top design_1_GPU_controller_0_0 -part xc7z020clg484-1 -mode out_of_context
Starting synth_design
Attempting to get a license for feature 'Synthesis' and/or device 'xc7z020'
INFO: [Common 17-349] Got license for feature 'Synthesis' and/or device 'xc7z020'
INFO: [Device 21-403] Loading part xc7z020clg484-1
INFO: [Synth 8-7079] Multithreading enabled for synth_design using a maximum of 2 processes.
INFO: [Synth 8-7078] Launching helper process for spawning children vivado processes
INFO: [Synth 8-7075] Helper process launched with PID 28068
---------------------------------------------------------------------------------
Starting RTL Elaboration : Time (s): cpu = 00:00:14 ; elapsed = 00:00:24 . Memory (MB): peak = 1103.594 ; gain = 0.000
---------------------------------------------------------------------------------
INFO: [Synth 8-638] synthesizing module 'design_1_GPU_controller_0_0' [c:/Users/khali/ENSC_452_git/ENSC_452/DUAL_CPU/dual_cpu.gen/sources_1/bd/design_1/ip/design_1_GPU_controller_0_0/synth/design_1_GPU_controller_0_0.vhd:115]
	Parameter C_S00_AXI_DATA_WIDTH bound to: 32 - type: integer 
	Parameter C_S00_AXI_ADDR_WIDTH bound to: 7 - type: integer 
INFO: [Synth 8-3491] module 'GPU_controller_v2_0' declared at 'c:/Users/khali/ENSC_452_git/ENSC_452/DUAL_CPU/dual_cpu.gen/sources_1/bd/design_1/ipshared/cb1f/hdl/GPU_controller_v2_0.vhd:5' bound to instance 'U0' of component 'GPU_controller_v2_0' [c:/Users/khali/ENSC_452_git/ENSC_452/DUAL_CPU/dual_cpu.gen/sources_1/bd/design_1/ip/design_1_GPU_controller_0_0/synth/design_1_GPU_controller_0_0.vhd:214]
INFO: [Synth 8-638] synthesizing module 'GPU_controller_v2_0' [c:/Users/khali/ENSC_452_git/ENSC_452/DUAL_CPU/dual_cpu.gen/sources_1/bd/design_1/ipshared/cb1f/hdl/GPU_controller_v2_0.vhd:81]
	Parameter C_S00_AXI_DATA_WIDTH bound to: 32 - type: integer 
	Parameter C_S00_AXI_ADDR_WIDTH bound to: 7 - type: integer 
	Parameter C_S_AXI_DATA_WIDTH bound to: 32 - type: integer 
	Parameter C_S_AXI_ADDR_WIDTH bound to: 7 - type: integer 
INFO: [Synth 8-3491] module 'GPU_controller_v2_0_S00_AXI' declared at 'c:/Users/khali/ENSC_452_git/ENSC_452/DUAL_CPU/dual_cpu.gen/sources_1/bd/design_1/ipshared/cb1f/hdl/GPU_controller_v2_0_S00_AXI.vhd:5' bound to instance 'GPU_controller_v2_0_S00_AXI_inst' of component 'GPU_controller_v2_0_S00_AXI' [c:/Users/khali/ENSC_452_git/ENSC_452/DUAL_CPU/dual_cpu.gen/sources_1/bd/design_1/ipshared/cb1f/hdl/GPU_controller_v2_0.vhd:150]
INFO: [Synth 8-638] synthesizing module 'GPU_controller_v2_0_S00_AXI' [c:/Users/khali/ENSC_452_git/ENSC_452/DUAL_CPU/dual_cpu.gen/sources_1/bd/design_1/ipshared/cb1f/hdl/GPU_controller_v2_0_S00_AXI.vhd:119]
	Parameter C_S_AXI_DATA_WIDTH bound to: 32 - type: integer 
	Parameter C_S_AXI_ADDR_WIDTH bound to: 7 - type: integer 
INFO: [Synth 8-226] default block is never used [c:/Users/khali/ENSC_452_git/ENSC_452/DUAL_CPU/dual_cpu.gen/sources_1/bd/design_1/ipshared/cb1f/hdl/GPU_controller_v2_0_S00_AXI.vhd:313]
INFO: [Synth 8-226] default block is never used [c:/Users/khali/ENSC_452_git/ENSC_452/DUAL_CPU/dual_cpu.gen/sources_1/bd/design_1/ipshared/cb1f/hdl/GPU_controller_v2_0_S00_AXI.vhd:695]
INFO: [Synth 8-256] done synthesizing module 'GPU_controller_v2_0_S00_AXI' (1#1) [c:/Users/khali/ENSC_452_git/ENSC_452/DUAL_CPU/dual_cpu.gen/sources_1/bd/design_1/ipshared/cb1f/hdl/GPU_controller_v2_0_S00_AXI.vhd:119]
INFO: [Synth 8-256] done synthesizing module 'GPU_controller_v2_0' (2#1) [c:/Users/khali/ENSC_452_git/ENSC_452/DUAL_CPU/dual_cpu.gen/sources_1/bd/design_1/ipshared/cb1f/hdl/GPU_controller_v2_0.vhd:81]
INFO: [Synth 8-256] done synthesizing module 'design_1_GPU_controller_0_0' (3#1) [c:/Users/khali/ENSC_452_git/ENSC_452/DUAL_CPU/dual_cpu.gen/sources_1/bd/design_1/ip/design_1_GPU_controller_0_0/synth/design_1_GPU_controller_0_0.vhd:115]
---------------------------------------------------------------------------------
Finished RTL Elaboration : Time (s): cpu = 00:00:19 ; elapsed = 00:00:35 . Memory (MB): peak = 1124.574 ; gain = 20.980
---------------------------------------------------------------------------------
---------------------------------------------------------------------------------
Start Handling Custom Attributes
---------------------------------------------------------------------------------
---------------------------------------------------------------------------------
Finished Handling Custom Attributes : Time (s): cpu = 00:00:20 ; elapsed = 00:00:38 . Memory (MB): peak = 1124.574 ; gain = 20.980
---------------------------------------------------------------------------------
---------------------------------------------------------------------------------
Finished RTL Optimization Phase 1 : Time (s): cpu = 00:00:20 ; elapsed = 00:00:38 . Memory (MB): peak = 1124.574 ; gain = 20.980
---------------------------------------------------------------------------------
Netlist sorting complete. Time (s): cpu = 00:00:00 ; elapsed = 00:00:00.316 . Memory (MB): peak = 1124.574 ; gain = 0.000
INFO: [Project 1-570] Preparing netlist for logic optimization

Processing XDC Constraints
Initializing timing engine
Completed Processing XDC Constraints

Netlist sorting complete. Time (s): cpu = 00:00:00 ; elapsed = 00:00:00.001 . Memory (MB): peak = 1225.871 ; gain = 0.000
INFO: [Project 1-111] Unisim Transformation Summary:
No Unisim elements were transformed.

Constraint Validation Runtime : Time (s): cpu = 00:00:01 ; elapsed = 00:00:00.307 . Memory (MB): peak = 1226.375 ; gain = 0.504
---------------------------------------------------------------------------------
Finished Constraint Validation : Time (s): cpu = 00:00:43 ; elapsed = 00:01:08 . Memory (MB): peak = 1226.375 ; gain = 122.781
---------------------------------------------------------------------------------
---------------------------------------------------------------------------------
Start Loading Part and Timing Information
---------------------------------------------------------------------------------
Loading part: xc7z020clg484-1
---------------------------------------------------------------------------------
Finished Loading Part and Timing Information : Time (s): cpu = 00:00:43 ; elapsed = 00:01:08 . Memory (MB): peak = 1226.375 ; gain = 122.781
---------------------------------------------------------------------------------
---------------------------------------------------------------------------------
Start Applying 'set_property' XDC Constraints
---------------------------------------------------------------------------------
---------------------------------------------------------------------------------
Finished applying 'set_property' XDC Constraints : Time (s): cpu = 00:00:43 ; elapsed = 00:01:08 . Memory (MB): peak = 1226.375 ; gain = 122.781
---------------------------------------------------------------------------------
---------------------------------------------------------------------------------
Finished RTL Optimization Phase 2 : Time (s): cpu = 00:00:44 ; elapsed = 00:01:11 . Memory (MB): peak = 1226.375 ; gain = 122.781
---------------------------------------------------------------------------------
---------------------------------------------------------------------------------
Start RTL Component Statistics 
---------------------------------------------------------------------------------
Detailed RTL Component Info : 
+---Registers : 
	               32 Bit    Registers := 33    
	                7 Bit    Registers := 2     
	                2 Bit    Registers := 2     
	                1 Bit    Registers := 6     
+---Muxes : 
	   2 Input   32 Bit        Muxes := 32    
	  32 Input   32 Bit        Muxes := 32    
	   2 Input    1 Bit        Muxes := 5     
---------------------------------------------------------------------------------
Finished RTL Component Statistics 
---------------------------------------------------------------------------------
---------------------------------------------------------------------------------
Start Part Resource Summary
---------------------------------------------------------------------------------
Part Resources:
DSPs: 220 (col length:60)
BRAMs: 280 (col length: RAMB18 60 RAMB36 30)
---------------------------------------------------------------------------------
Finished Part Resource Summary
---------------------------------------------------------------------------------
---------------------------------------------------------------------------------
Start Cross Boundary and Area Optimization
---------------------------------------------------------------------------------
---------------------------------------------------------------------------------
Finished Cross Boundary and Area Optimization : Time (s): cpu = 00:00:59 ; elapsed = 00:01:29 . Memory (MB): peak = 1226.375 ; gain = 122.781
---------------------------------------------------------------------------------
---------------------------------------------------------------------------------
Start Applying XDC Timing Constraints
---------------------------------------------------------------------------------
---------------------------------------------------------------------------------
Finished Applying XDC Timing Constraints : Time (s): cpu = 00:01:20 ; elapsed = 00:01:58 . Memory (MB): peak = 1226.375 ; gain = 122.781
---------------------------------------------------------------------------------
---------------------------------------------------------------------------------
Start Timing Optimization
---------------------------------------------------------------------------------
---------------------------------------------------------------------------------
Finished Timing Optimization : Time (s): cpu = 00:01:20 ; elapsed = 00:02:01 . Memory (MB): peak = 1226.375 ; gain = 122.781
---------------------------------------------------------------------------------
---------------------------------------------------------------------------------
Start Technology Mapping
---------------------------------------------------------------------------------
---------------------------------------------------------------------------------
Finished Technology Mapping : Time (s): cpu = 00:01:21 ; elapsed = 00:02:07 . Memory (MB): peak = 1226.375 ; gain = 122.781
---------------------------------------------------------------------------------
---------------------------------------------------------------------------------
Start IO Insertion
---------------------------------------------------------------------------------
---------------------------------------------------------------------------------
Start Flattening Before IO Insertion
---------------------------------------------------------------------------------
---------------------------------------------------------------------------------
Finished Flattening Before IO Insertion
---------------------------------------------------------------------------------
---------------------------------------------------------------------------------
Start Final Netlist Cleanup
---------------------------------------------------------------------------------
---------------------------------------------------------------------------------
Finished Final Netlist Cleanup
---------------------------------------------------------------------------------
---------------------------------------------------------------------------------
Finished IO Insertion : Time (s): cpu = 00:01:35 ; elapsed = 00:02:50 . Memory (MB): peak = 1226.375 ; gain = 122.781
---------------------------------------------------------------------------------
---------------------------------------------------------------------------------
Start Renaming Generated Instances
---------------------------------------------------------------------------------
---------------------------------------------------------------------------------
Finished Renaming Generated Instances : Time (s): cpu = 00:01:35 ; elapsed = 00:02:50 . Memory (MB): peak = 1226.375 ; gain = 122.781
---------------------------------------------------------------------------------
---------------------------------------------------------------------------------
Start Rebuilding User Hierarchy
---------------------------------------------------------------------------------
---------------------------------------------------------------------------------
Finished Rebuilding User Hierarchy : Time (s): cpu = 00:01:35 ; elapsed = 00:02:52 . Memory (MB): peak = 1226.375 ; gain = 122.781
---------------------------------------------------------------------------------
---------------------------------------------------------------------------------
Start Renaming Generated Ports
---------------------------------------------------------------------------------
---------------------------------------------------------------------------------
Finished Renaming Generated Ports : Time (s): cpu = 00:01:35 ; elapsed = 00:02:52 . Memory (MB): peak = 1226.375 ; gain = 122.781
---------------------------------------------------------------------------------
---------------------------------------------------------------------------------
Start Handling Custom Attributes
---------------------------------------------------------------------------------
---------------------------------------------------------------------------------
Finished Handling Custom Attributes : Time (s): cpu = 00:01:35 ; elapsed = 00:02:52 . Memory (MB): peak = 1226.375 ; gain = 122.781
---------------------------------------------------------------------------------
---------------------------------------------------------------------------------
Start Renaming Generated Nets
---------------------------------------------------------------------------------
---------------------------------------------------------------------------------
Finished Renaming Generated Nets : Time (s): cpu = 00:01:35 ; elapsed = 00:02:52 . Memory (MB): peak = 1226.375 ; gain = 122.781
---------------------------------------------------------------------------------
---------------------------------------------------------------------------------
Start Writing Synthesis Report
---------------------------------------------------------------------------------

Report BlackBoxes: 
+-+--------------+----------+
| |BlackBox name |Instances |
+-+--------------+----------+
+-+--------------+----------+

Report Cell Usage: 
+------+------+------+
|      |Cell  |Count |
+------+------+------+
|1     |LUT1  |     1|
|2     |LUT2  |     1|
|3     |LUT3  |     1|
|4     |LUT4  |     3|
|5     |LUT5  |     2|
|6     |LUT6  |   418|
|7     |MUXF7 |   128|
|8     |FDRE  |  1066|
|9     |FDSE  |     8|
+------+------+------+
---------------------------------------------------------------------------------
Finished Writing Synthesis Report : Time (s): cpu = 00:01:35 ; elapsed = 00:02:52 . Memory (MB): peak = 1226.375 ; gain = 122.781
---------------------------------------------------------------------------------
Synthesis finished with 0 errors, 0 critical warnings and 0 warnings.
Synthesis Optimization Runtime : Time (s): cpu = 00:01:08 ; elapsed = 00:02:45 . Memory (MB): peak = 1226.375 ; gain = 20.980
Synthesis Optimization Complete : Time (s): cpu = 00:01:36 ; elapsed = 00:02:57 . Memory (MB): peak = 1226.375 ; gain = 122.781
INFO: [Project 1-571] Translating synthesized netlist
Netlist sorting complete. Time (s): cpu = 00:00:00 ; elapsed = 00:00:00.230 . Memory (MB): peak = 1234.445 ; gain = 0.000
INFO: [Netlist 29-17] Analyzing 128 Unisim elements for replacement
INFO: [Netlist 29-28] Unisim Transformation completed in 0 CPU seconds
WARNING: [Netlist 29-101] Netlist 'design_1_GPU_controller_0_0' is not ideal for floorplanning, since the cellview 'GPU_controller_v2_0_S00_AXI' contains a large number of primitives.  Please consider enabling hierarchy in synthesis if you want to do floorplanning.
INFO: [Project 1-570] Preparing netlist for logic optimization
INFO: [Opt 31-138] Pushed 0 inverter(s) to 0 load pin(s).
Netlist sorting complete. Time (s): cpu = 00:00:00 ; elapsed = 00:00:00.002 . Memory (MB): peak = 1235.402 ; gain = 0.000
INFO: [Project 1-111] Unisim Transformation Summary:
No Unisim elements were transformed.

INFO: [Common 17-83] Releasing license: Synthesis
27 Infos, 1 Warnings, 0 Critical Warnings and 0 Errors encountered.
synth_design completed successfully
synth_design: Time (s): cpu = 00:01:56 ; elapsed = 00:03:48 . Memory (MB): peak = 1235.402 ; gain = 131.809
INFO: [Common 17-1381] The checkpoint 'C:/Users/khali/ENSC_452_git/ENSC_452/DUAL_CPU/dual_cpu.runs/design_1_GPU_controller_0_0_synth_1/design_1_GPU_controller_0_0.dcp' has been generated.
WARNING: [Common 17-576] 'use_project_ipc' is deprecated. This option is deprecated and no longer used.
INFO: [Coretcl 2-1648] Added synthesis output to IP cache for IP design_1_GPU_controller_0_0, cache-ID = ea0a512a912cd537
INFO: [Coretcl 2-1174] Renamed 2 cell refs.
INFO: [Common 17-1381] The checkpoint 'C:/Users/khali/ENSC_452_git/ENSC_452/DUAL_CPU/dual_cpu.runs/design_1_GPU_controller_0_0_synth_1/design_1_GPU_controller_0_0.dcp' has been generated.
INFO: [runtcl-4] Executing : report_utilization -file design_1_GPU_controller_0_0_utilization_synth.rpt -pb design_1_GPU_controller_0_0_utilization_synth.pb
INFO: [Common 17-206] Exiting Vivado at Fri Apr  9 14:00:30 2021...
