
*** Running vivado
    with args -log design_1_Asteroid_graph_anima_0_0.vds -m64 -product Vivado -mode batch -messageDb vivado.pb -notrace -source design_1_Asteroid_graph_anima_0_0.tcl



****** Vivado v2020.2 (64-bit)
  **** SW Build 3064766 on Wed Nov 18 09:12:45 MST 2020
  **** IP Build 3064653 on Wed Nov 18 14:17:31 MST 2020
    ** Copyright 1986-2020 Xilinx, Inc. All Rights Reserved.

source design_1_Asteroid_graph_anima_0_0.tcl -notrace
create_project: Time (s): cpu = 00:00:05 ; elapsed = 00:00:11 . Memory (MB): peak = 1101.547 ; gain = 0.000
INFO: [IP_Flow 19-234] Refreshing IP repositories
INFO: [IP_Flow 19-1700] Loaded user IP repository 'c:/Users/khali/ENSC_452_git/ENSC_452/DUAL_CPU/ip_repo'.
INFO: [IP_Flow 19-2313] Loaded Vivado IP repository 'C:/Xilinx/Vivado/2020.2/data/ip'.
Command: synth_design -top design_1_Asteroid_graph_anima_0_0 -part xc7z020clg484-1 -mode out_of_context
Starting synth_design
WARNING: [IP_Flow 19-3571] IP 'design_1_Asteroid_graph_anima_0_0' is restricted:
* Module reference is stale and needs refreshing.
Attempting to get a license for feature 'Synthesis' and/or device 'xc7z020'
INFO: [Common 17-349] Got license for feature 'Synthesis' and/or device 'xc7z020'
INFO: [Device 21-403] Loading part xc7z020clg484-1
INFO: [Synth 8-7079] Multithreading enabled for synth_design using a maximum of 2 processes.
INFO: [Synth 8-7078] Launching helper process for spawning children vivado processes
INFO: [Synth 8-7075] Helper process launched with PID 28972
---------------------------------------------------------------------------------
Starting RTL Elaboration : Time (s): cpu = 00:00:14 ; elapsed = 00:00:24 . Memory (MB): peak = 1101.547 ; gain = 0.000
---------------------------------------------------------------------------------
INFO: [Synth 8-638] synthesizing module 'design_1_Asteroid_graph_anima_0_0' [c:/Users/khali/ENSC_452_git/ENSC_452/DUAL_CPU/dual_cpu.gen/sources_1/bd/design_1/ip/design_1_Asteroid_graph_anima_0_0/synth/design_1_Asteroid_graph_anima_0_0.vhd:98]
INFO: [Synth 8-3491] module 'Asteroid_graph_animate' declared at 'C:/Users/khali/ENSC_452_git/ENSC_452/DUAL_CPU/dual_cpu.srcs/sources_1/Asteroid_graph_animate.vhd:17' bound to instance 'U0' of component 'Asteroid_graph_animate' [c:/Users/khali/ENSC_452_git/ENSC_452/DUAL_CPU/dual_cpu.gen/sources_1/bd/design_1/ip/design_1_Asteroid_graph_anima_0_0/synth/design_1_Asteroid_graph_anima_0_0.vhd:157]
INFO: [Synth 8-638] synthesizing module 'Asteroid_graph_animate' [C:/Users/khali/ENSC_452_git/ENSC_452/DUAL_CPU/dual_cpu.srcs/sources_1/Asteroid_graph_animate.vhd:44]
INFO: [Synth 8-3491] module 'Asteroid' declared at 'C:/Users/khali/ENSC_452_git/ENSC_452/DUAL_CPU/dual_cpu.srcs/sources_1/Drawers.vhd:17' bound to instance 'U1' of component 'Asteroid' [C:/Users/khali/ENSC_452_git/ENSC_452/DUAL_CPU/dual_cpu.srcs/sources_1/Asteroid_graph_animate.vhd:316]
INFO: [Synth 8-638] synthesizing module 'Asteroid' [C:/Users/khali/ENSC_452_git/ENSC_452/DUAL_CPU/dual_cpu.srcs/sources_1/Drawers.vhd:27]
INFO: [Synth 8-256] done synthesizing module 'Asteroid' (1#1) [C:/Users/khali/ENSC_452_git/ENSC_452/DUAL_CPU/dual_cpu.srcs/sources_1/Drawers.vhd:27]
INFO: [Synth 8-3491] module 'Asteroid' declared at 'C:/Users/khali/ENSC_452_git/ENSC_452/DUAL_CPU/dual_cpu.srcs/sources_1/Drawers.vhd:17' bound to instance 'U1' of component 'Asteroid' [C:/Users/khali/ENSC_452_git/ENSC_452/DUAL_CPU/dual_cpu.srcs/sources_1/Asteroid_graph_animate.vhd:316]
INFO: [Synth 8-3491] module 'Asteroid' declared at 'C:/Users/khali/ENSC_452_git/ENSC_452/DUAL_CPU/dual_cpu.srcs/sources_1/Drawers.vhd:17' bound to instance 'U1' of component 'Asteroid' [C:/Users/khali/ENSC_452_git/ENSC_452/DUAL_CPU/dual_cpu.srcs/sources_1/Asteroid_graph_animate.vhd:316]
INFO: [Synth 8-3491] module 'sAsteroid' declared at 'C:/Users/khali/ENSC_452_git/ENSC_452/DUAL_CPU/dual_cpu.srcs/sources_1/Drawers.vhd:1077' bound to instance 'sU1' of component 'sAsteroid' [C:/Users/khali/ENSC_452_git/ENSC_452/DUAL_CPU/dual_cpu.srcs/sources_1/Asteroid_graph_animate.vhd:320]
INFO: [Synth 8-638] synthesizing module 'sAsteroid' [C:/Users/khali/ENSC_452_git/ENSC_452/DUAL_CPU/dual_cpu.srcs/sources_1/Drawers.vhd:1087]
INFO: [Synth 8-256] done synthesizing module 'sAsteroid' (2#1) [C:/Users/khali/ENSC_452_git/ENSC_452/DUAL_CPU/dual_cpu.srcs/sources_1/Drawers.vhd:1087]
INFO: [Synth 8-3491] module 'sAsteroid' declared at 'C:/Users/khali/ENSC_452_git/ENSC_452/DUAL_CPU/dual_cpu.srcs/sources_1/Drawers.vhd:1077' bound to instance 'sU1' of component 'sAsteroid' [C:/Users/khali/ENSC_452_git/ENSC_452/DUAL_CPU/dual_cpu.srcs/sources_1/Asteroid_graph_animate.vhd:320]
INFO: [Synth 8-3491] module 'Saucer' declared at 'C:/Users/khali/ENSC_452_git/ENSC_452/DUAL_CPU/dual_cpu.srcs/sources_1/Drawers.vhd:160' bound to instance 'Sauc' of component 'Saucer' [C:/Users/khali/ENSC_452_git/ENSC_452/DUAL_CPU/dual_cpu.srcs/sources_1/Asteroid_graph_animate.vhd:325]
INFO: [Synth 8-638] synthesizing module 'Saucer' [C:/Users/khali/ENSC_452_git/ENSC_452/DUAL_CPU/dual_cpu.srcs/sources_1/Drawers.vhd:170]
INFO: [Synth 8-256] done synthesizing module 'Saucer' (3#1) [C:/Users/khali/ENSC_452_git/ENSC_452/DUAL_CPU/dual_cpu.srcs/sources_1/Drawers.vhd:170]
INFO: [Synth 8-3491] module 'Bullet' declared at 'C:/Users/khali/ENSC_452_git/ENSC_452/DUAL_CPU/dual_cpu.srcs/sources_1/Drawers.vhd:119' bound to instance 'U2' of component 'Bullet' [C:/Users/khali/ENSC_452_git/ENSC_452/DUAL_CPU/dual_cpu.srcs/sources_1/Asteroid_graph_animate.vhd:332]
INFO: [Synth 8-638] synthesizing module 'Bullet' [C:/Users/khali/ENSC_452_git/ENSC_452/DUAL_CPU/dual_cpu.srcs/sources_1/Drawers.vhd:130]
INFO: [Synth 8-256] done synthesizing module 'Bullet' (4#1) [C:/Users/khali/ENSC_452_git/ENSC_452/DUAL_CPU/dual_cpu.srcs/sources_1/Drawers.vhd:130]
INFO: [Synth 8-3491] module 'Bullet' declared at 'C:/Users/khali/ENSC_452_git/ENSC_452/DUAL_CPU/dual_cpu.srcs/sources_1/Drawers.vhd:119' bound to instance 'U2' of component 'Bullet' [C:/Users/khali/ENSC_452_git/ENSC_452/DUAL_CPU/dual_cpu.srcs/sources_1/Asteroid_graph_animate.vhd:332]
INFO: [Synth 8-3491] module 'Bullet' declared at 'C:/Users/khali/ENSC_452_git/ENSC_452/DUAL_CPU/dual_cpu.srcs/sources_1/Drawers.vhd:119' bound to instance 'U2' of component 'Bullet' [C:/Users/khali/ENSC_452_git/ENSC_452/DUAL_CPU/dual_cpu.srcs/sources_1/Asteroid_graph_animate.vhd:332]
INFO: [Synth 8-3491] module 'Ebullet' declared at 'C:/Users/khali/ENSC_452_git/ENSC_452/DUAL_CPU/dual_cpu.srcs/sources_1/Drawers.vhd:262' bound to instance 'U3' of component 'Ebullet' [C:/Users/khali/ENSC_452_git/ENSC_452/DUAL_CPU/dual_cpu.srcs/sources_1/Asteroid_graph_animate.vhd:337]
INFO: [Synth 8-638] synthesizing module 'Ebullet' [C:/Users/khali/ENSC_452_git/ENSC_452/DUAL_CPU/dual_cpu.srcs/sources_1/Drawers.vhd:273]
INFO: [Synth 8-256] done synthesizing module 'Ebullet' (5#1) [C:/Users/khali/ENSC_452_git/ENSC_452/DUAL_CPU/dual_cpu.srcs/sources_1/Drawers.vhd:273]
INFO: [Synth 8-3491] module 'Ebullet' declared at 'C:/Users/khali/ENSC_452_git/ENSC_452/DUAL_CPU/dual_cpu.srcs/sources_1/Drawers.vhd:262' bound to instance 'U3' of component 'Ebullet' [C:/Users/khali/ENSC_452_git/ENSC_452/DUAL_CPU/dual_cpu.srcs/sources_1/Asteroid_graph_animate.vhd:337]
INFO: [Synth 8-3491] module 'Ebullet' declared at 'C:/Users/khali/ENSC_452_git/ENSC_452/DUAL_CPU/dual_cpu.srcs/sources_1/Drawers.vhd:262' bound to instance 'U3' of component 'Ebullet' [C:/Users/khali/ENSC_452_git/ENSC_452/DUAL_CPU/dual_cpu.srcs/sources_1/Asteroid_graph_animate.vhd:337]
INFO: [Synth 8-3491] module 'Star' declared at 'C:/Users/khali/ENSC_452_git/ENSC_452/DUAL_CPU/dual_cpu.srcs/sources_1/Drawers.vhd:303' bound to instance 'U4' of component 'Star' [C:/Users/khali/ENSC_452_git/ENSC_452/DUAL_CPU/dual_cpu.srcs/sources_1/Asteroid_graph_animate.vhd:345]
INFO: [Synth 8-638] synthesizing module 'Star' [C:/Users/khali/ENSC_452_git/ENSC_452/DUAL_CPU/dual_cpu.srcs/sources_1/Drawers.vhd:312]
INFO: [Synth 8-256] done synthesizing module 'Star' (6#1) [C:/Users/khali/ENSC_452_git/ENSC_452/DUAL_CPU/dual_cpu.srcs/sources_1/Drawers.vhd:312]
INFO: [Synth 8-3491] module 'Star' declared at 'C:/Users/khali/ENSC_452_git/ENSC_452/DUAL_CPU/dual_cpu.srcs/sources_1/Drawers.vhd:303' bound to instance 'U4' of component 'Star' [C:/Users/khali/ENSC_452_git/ENSC_452/DUAL_CPU/dual_cpu.srcs/sources_1/Asteroid_graph_animate.vhd:345]
INFO: [Synth 8-3491] module 'Star' declared at 'C:/Users/khali/ENSC_452_git/ENSC_452/DUAL_CPU/dual_cpu.srcs/sources_1/Drawers.vhd:303' bound to instance 'U4' of component 'Star' [C:/Users/khali/ENSC_452_git/ENSC_452/DUAL_CPU/dual_cpu.srcs/sources_1/Asteroid_graph_animate.vhd:345]
INFO: [Synth 8-3491] module 'Star' declared at 'C:/Users/khali/ENSC_452_git/ENSC_452/DUAL_CPU/dual_cpu.srcs/sources_1/Drawers.vhd:303' bound to instance 'U4' of component 'Star' [C:/Users/khali/ENSC_452_git/ENSC_452/DUAL_CPU/dual_cpu.srcs/sources_1/Asteroid_graph_animate.vhd:345]
INFO: [Synth 8-3491] module 'Star' declared at 'C:/Users/khali/ENSC_452_git/ENSC_452/DUAL_CPU/dual_cpu.srcs/sources_1/Drawers.vhd:303' bound to instance 'U4' of component 'Star' [C:/Users/khali/ENSC_452_git/ENSC_452/DUAL_CPU/dual_cpu.srcs/sources_1/Asteroid_graph_animate.vhd:345]
INFO: [Synth 8-3491] module 'Star' declared at 'C:/Users/khali/ENSC_452_git/ENSC_452/DUAL_CPU/dual_cpu.srcs/sources_1/Drawers.vhd:303' bound to instance 'U4' of component 'Star' [C:/Users/khali/ENSC_452_git/ENSC_452/DUAL_CPU/dual_cpu.srcs/sources_1/Asteroid_graph_animate.vhd:345]
INFO: [Synth 8-3491] module 'Star' declared at 'C:/Users/khali/ENSC_452_git/ENSC_452/DUAL_CPU/dual_cpu.srcs/sources_1/Drawers.vhd:303' bound to instance 'U4' of component 'Star' [C:/Users/khali/ENSC_452_git/ENSC_452/DUAL_CPU/dual_cpu.srcs/sources_1/Asteroid_graph_animate.vhd:345]
INFO: [Synth 8-3491] module 'Star' declared at 'C:/Users/khali/ENSC_452_git/ENSC_452/DUAL_CPU/dual_cpu.srcs/sources_1/Drawers.vhd:303' bound to instance 'U4' of component 'Star' [C:/Users/khali/ENSC_452_git/ENSC_452/DUAL_CPU/dual_cpu.srcs/sources_1/Asteroid_graph_animate.vhd:345]
INFO: [Synth 8-3491] module 'Star' declared at 'C:/Users/khali/ENSC_452_git/ENSC_452/DUAL_CPU/dual_cpu.srcs/sources_1/Drawers.vhd:303' bound to instance 'U4' of component 'Star' [C:/Users/khali/ENSC_452_git/ENSC_452/DUAL_CPU/dual_cpu.srcs/sources_1/Asteroid_graph_animate.vhd:345]
INFO: [Synth 8-3491] module 'Star' declared at 'C:/Users/khali/ENSC_452_git/ENSC_452/DUAL_CPU/dual_cpu.srcs/sources_1/Drawers.vhd:303' bound to instance 'U4' of component 'Star' [C:/Users/khali/ENSC_452_git/ENSC_452/DUAL_CPU/dual_cpu.srcs/sources_1/Asteroid_graph_animate.vhd:345]
INFO: [Synth 8-3491] module 'Star' declared at 'C:/Users/khali/ENSC_452_git/ENSC_452/DUAL_CPU/dual_cpu.srcs/sources_1/Drawers.vhd:303' bound to instance 'U4' of component 'Star' [C:/Users/khali/ENSC_452_git/ENSC_452/DUAL_CPU/dual_cpu.srcs/sources_1/Asteroid_graph_animate.vhd:345]
INFO: [Synth 8-3491] module 'Star' declared at 'C:/Users/khali/ENSC_452_git/ENSC_452/DUAL_CPU/dual_cpu.srcs/sources_1/Drawers.vhd:303' bound to instance 'U4' of component 'Star' [C:/Users/khali/ENSC_452_git/ENSC_452/DUAL_CPU/dual_cpu.srcs/sources_1/Asteroid_graph_animate.vhd:345]
INFO: [Synth 8-3491] module 'Star' declared at 'C:/Users/khali/ENSC_452_git/ENSC_452/DUAL_CPU/dual_cpu.srcs/sources_1/Drawers.vhd:303' bound to instance 'U4' of component 'Star' [C:/Users/khali/ENSC_452_git/ENSC_452/DUAL_CPU/dual_cpu.srcs/sources_1/Asteroid_graph_animate.vhd:345]
INFO: [Synth 8-3491] module 'Star' declared at 'C:/Users/khali/ENSC_452_git/ENSC_452/DUAL_CPU/dual_cpu.srcs/sources_1/Drawers.vhd:303' bound to instance 'U4' of component 'Star' [C:/Users/khali/ENSC_452_git/ENSC_452/DUAL_CPU/dual_cpu.srcs/sources_1/Asteroid_graph_animate.vhd:345]
INFO: [Synth 8-3491] module 'Star' declared at 'C:/Users/khali/ENSC_452_git/ENSC_452/DUAL_CPU/dual_cpu.srcs/sources_1/Drawers.vhd:303' bound to instance 'U4' of component 'Star' [C:/Users/khali/ENSC_452_git/ENSC_452/DUAL_CPU/dual_cpu.srcs/sources_1/Asteroid_graph_animate.vhd:345]
INFO: [Synth 8-3491] module 'Star' declared at 'C:/Users/khali/ENSC_452_git/ENSC_452/DUAL_CPU/dual_cpu.srcs/sources_1/Drawers.vhd:303' bound to instance 'U4' of component 'Star' [C:/Users/khali/ENSC_452_git/ENSC_452/DUAL_CPU/dual_cpu.srcs/sources_1/Asteroid_graph_animate.vhd:345]
INFO: [Synth 8-3491] module 'Star' declared at 'C:/Users/khali/ENSC_452_git/ENSC_452/DUAL_CPU/dual_cpu.srcs/sources_1/Drawers.vhd:303' bound to instance 'U4' of component 'Star' [C:/Users/khali/ENSC_452_git/ENSC_452/DUAL_CPU/dual_cpu.srcs/sources_1/Asteroid_graph_animate.vhd:345]
INFO: [Synth 8-3491] module 'Star' declared at 'C:/Users/khali/ENSC_452_git/ENSC_452/DUAL_CPU/dual_cpu.srcs/sources_1/Drawers.vhd:303' bound to instance 'U4' of component 'Star' [C:/Users/khali/ENSC_452_git/ENSC_452/DUAL_CPU/dual_cpu.srcs/sources_1/Asteroid_graph_animate.vhd:345]
INFO: [Synth 8-3491] module 'Star' declared at 'C:/Users/khali/ENSC_452_git/ENSC_452/DUAL_CPU/dual_cpu.srcs/sources_1/Drawers.vhd:303' bound to instance 'U4' of component 'Star' [C:/Users/khali/ENSC_452_git/ENSC_452/DUAL_CPU/dual_cpu.srcs/sources_1/Asteroid_graph_animate.vhd:345]
INFO: [Synth 8-3491] module 'Star' declared at 'C:/Users/khali/ENSC_452_git/ENSC_452/DUAL_CPU/dual_cpu.srcs/sources_1/Drawers.vhd:303' bound to instance 'U4' of component 'Star' [C:/Users/khali/ENSC_452_git/ENSC_452/DUAL_CPU/dual_cpu.srcs/sources_1/Asteroid_graph_animate.vhd:345]
INFO: [Synth 8-3491] module 'text_gen' declared at 'C:/Users/khali/ENSC_452_git/ENSC_452/DUAL_CPU/dual_cpu.srcs/sources_1/Drawers.vhd:342' bound to instance 'scoreLD' of component 'text_gen' [C:/Users/khali/ENSC_452_git/ENSC_452/DUAL_CPU/dual_cpu.srcs/sources_1/Asteroid_graph_animate.vhd:355]
INFO: [Synth 8-638] synthesizing module 'text_gen' [C:/Users/khali/ENSC_452_git/ENSC_452/DUAL_CPU/dual_cpu.srcs/sources_1/Drawers.vhd:354]
INFO: [Synth 8-256] done synthesizing module 'text_gen' (7#1) [C:/Users/khali/ENSC_452_git/ENSC_452/DUAL_CPU/dual_cpu.srcs/sources_1/Drawers.vhd:354]
INFO: [Synth 8-3491] module 'text_gen' declared at 'C:/Users/khali/ENSC_452_git/ENSC_452/DUAL_CPU/dual_cpu.srcs/sources_1/Drawers.vhd:342' bound to instance 'scoreMD' of component 'text_gen' [C:/Users/khali/ENSC_452_git/ENSC_452/DUAL_CPU/dual_cpu.srcs/sources_1/Asteroid_graph_animate.vhd:357]
INFO: [Synth 8-3491] module 'text_gen' declared at 'C:/Users/khali/ENSC_452_git/ENSC_452/DUAL_CPU/dual_cpu.srcs/sources_1/Drawers.vhd:342' bound to instance 'scoreUD' of component 'text_gen' [C:/Users/khali/ENSC_452_git/ENSC_452/DUAL_CPU/dual_cpu.srcs/sources_1/Asteroid_graph_animate.vhd:359]
INFO: [Synth 8-3491] module 'text_gen' declared at 'C:/Users/khali/ENSC_452_git/ENSC_452/DUAL_CPU/dual_cpu.srcs/sources_1/Drawers.vhd:342' bound to instance 'lives1' of component 'text_gen' [C:/Users/khali/ENSC_452_git/ENSC_452/DUAL_CPU/dual_cpu.srcs/sources_1/Asteroid_graph_animate.vhd:361]
INFO: [Synth 8-3491] module 'text_gen' declared at 'C:/Users/khali/ENSC_452_git/ENSC_452/DUAL_CPU/dual_cpu.srcs/sources_1/Drawers.vhd:342' bound to instance 'lives2' of component 'text_gen' [C:/Users/khali/ENSC_452_git/ENSC_452/DUAL_CPU/dual_cpu.srcs/sources_1/Asteroid_graph_animate.vhd:362]
INFO: [Synth 8-3491] module 'text_gen' declared at 'C:/Users/khali/ENSC_452_git/ENSC_452/DUAL_CPU/dual_cpu.srcs/sources_1/Drawers.vhd:342' bound to instance 'lives3' of component 'text_gen' [C:/Users/khali/ENSC_452_git/ENSC_452/DUAL_CPU/dual_cpu.srcs/sources_1/Asteroid_graph_animate.vhd:363]
WARNING: [Synth 8-614] signal 'menu_rgb' is read in the process but is not in the sensitivity list [C:/Users/khali/ENSC_452_git/ENSC_452/DUAL_CPU/dual_cpu.srcs/sources_1/Asteroid_graph_animate.vhd:372]
WARNING: [Synth 8-614] signal 'lives' is read in the process but is not in the sensitivity list [C:/Users/khali/ENSC_452_git/ENSC_452/DUAL_CPU/dual_cpu.srcs/sources_1/Asteroid_graph_animate.vhd:372]
WARNING: [Synth 8-614] signal 'sauc_rgb' is read in the process but is not in the sensitivity list [C:/Users/khali/ENSC_452_git/ENSC_452/DUAL_CPU/dual_cpu.srcs/sources_1/Asteroid_graph_animate.vhd:372]
WARNING: [Synth 8-614] signal 'efire_rgb' is read in the process but is not in the sensitivity list [C:/Users/khali/ENSC_452_git/ENSC_452/DUAL_CPU/dual_cpu.srcs/sources_1/Asteroid_graph_animate.vhd:372]
WARNING: [Synth 8-614] signal 'star_rgb' is read in the process but is not in the sensitivity list [C:/Users/khali/ENSC_452_git/ENSC_452/DUAL_CPU/dual_cpu.srcs/sources_1/Asteroid_graph_animate.vhd:372]
INFO: [Synth 8-256] done synthesizing module 'Asteroid_graph_animate' (8#1) [C:/Users/khali/ENSC_452_git/ENSC_452/DUAL_CPU/dual_cpu.srcs/sources_1/Asteroid_graph_animate.vhd:44]
INFO: [Synth 8-256] done synthesizing module 'design_1_Asteroid_graph_anima_0_0' (9#1) [c:/Users/khali/ENSC_452_git/ENSC_452/DUAL_CPU/dual_cpu.gen/sources_1/bd/design_1/ip/design_1_Asteroid_graph_anima_0_0/synth/design_1_Asteroid_graph_anima_0_0.vhd:98]
---------------------------------------------------------------------------------
Finished RTL Elaboration : Time (s): cpu = 00:00:18 ; elapsed = 00:00:32 . Memory (MB): peak = 1101.547 ; gain = 0.000
---------------------------------------------------------------------------------
---------------------------------------------------------------------------------
Start Handling Custom Attributes
---------------------------------------------------------------------------------
---------------------------------------------------------------------------------
Finished Handling Custom Attributes : Time (s): cpu = 00:00:20 ; elapsed = 00:00:38 . Memory (MB): peak = 1101.547 ; gain = 0.000
---------------------------------------------------------------------------------
---------------------------------------------------------------------------------
Finished RTL Optimization Phase 1 : Time (s): cpu = 00:00:20 ; elapsed = 00:00:38 . Memory (MB): peak = 1101.547 ; gain = 0.000
---------------------------------------------------------------------------------
Netlist sorting complete. Time (s): cpu = 00:00:00 ; elapsed = 00:00:00.130 . Memory (MB): peak = 1101.547 ; gain = 0.000
INFO: [Project 1-570] Preparing netlist for logic optimization

Processing XDC Constraints
Initializing timing engine
Completed Processing XDC Constraints

Netlist sorting complete. Time (s): cpu = 00:00:00 ; elapsed = 00:00:00.001 . Memory (MB): peak = 1217.078 ; gain = 0.000
INFO: [Project 1-111] Unisim Transformation Summary:
No Unisim elements were transformed.

Constraint Validation Runtime : Time (s): cpu = 00:00:00 ; elapsed = 00:00:00.310 . Memory (MB): peak = 1217.078 ; gain = 0.000
---------------------------------------------------------------------------------
Finished Constraint Validation : Time (s): cpu = 00:00:41 ; elapsed = 00:01:07 . Memory (MB): peak = 1217.078 ; gain = 115.531
---------------------------------------------------------------------------------
---------------------------------------------------------------------------------
Start Loading Part and Timing Information
---------------------------------------------------------------------------------
Loading part: xc7z020clg484-1
---------------------------------------------------------------------------------
Finished Loading Part and Timing Information : Time (s): cpu = 00:00:41 ; elapsed = 00:01:07 . Memory (MB): peak = 1217.078 ; gain = 115.531
---------------------------------------------------------------------------------
---------------------------------------------------------------------------------
Start Applying 'set_property' XDC Constraints
---------------------------------------------------------------------------------
---------------------------------------------------------------------------------
Finished applying 'set_property' XDC Constraints : Time (s): cpu = 00:00:41 ; elapsed = 00:01:07 . Memory (MB): peak = 1217.078 ; gain = 115.531
---------------------------------------------------------------------------------
---------------------------------------------------------------------------------
Finished RTL Optimization Phase 2 : Time (s): cpu = 00:00:43 ; elapsed = 00:01:10 . Memory (MB): peak = 1217.078 ; gain = 115.531
---------------------------------------------------------------------------------
---------------------------------------------------------------------------------
Start RTL Component Statistics 
---------------------------------------------------------------------------------
Detailed RTL Component Info : 
+---Adders : 
	   2 Input   10 Bit       Adders := 72    
	   3 Input   10 Bit       Adders := 12    
	   3 Input    5 Bit       Adders := 20    
	   3 Input    4 Bit       Adders := 6     
+---Registers : 
	               10 Bit    Registers := 26    
+---Muxes : 
	  21 Input   12 Bit        Muxes := 1     
	   2 Input   12 Bit        Muxes := 2     
---------------------------------------------------------------------------------
Finished RTL Component Statistics 
---------------------------------------------------------------------------------
---------------------------------------------------------------------------------
Start Part Resource Summary
---------------------------------------------------------------------------------
Part Resources:
DSPs: 220 (col length:60)
BRAMs: 280 (col length: RAMB18 60 RAMB36 30)
---------------------------------------------------------------------------------
Finished Part Resource Summary
---------------------------------------------------------------------------------
---------------------------------------------------------------------------------
Start Cross Boundary and Area Optimization
---------------------------------------------------------------------------------
---------------------------------------------------------------------------------
Finished Cross Boundary and Area Optimization : Time (s): cpu = 00:01:27 ; elapsed = 00:02:33 . Memory (MB): peak = 1217.078 ; gain = 115.531
---------------------------------------------------------------------------------
---------------------------------------------------------------------------------
Start ROM, RAM, DSP, Shift Register and Retiming Reporting
---------------------------------------------------------------------------------

ROM: Preliminary Mapping	Report
+-----------------------+-------------+---------------+----------------+
|Module Name            | RTL Object  | Depth x Width | Implemented As | 
+-----------------------+-------------+---------------+----------------+
|Asteroid               | as1_ROM[0]  | 32x28         | LUT            | 
|sAsteroid              | sas1_ROM[0] | 32x21         | LUT            | 
|Saucer                 | sauc_ROM[0] | 32x26         | LUT            | 
|text_gen               | text_ROM[0] | 1024x8        | LUT            | 
|Asteroid_graph_animate | ship_ROM[0] | 32x15         | LUT            | 
|Asteroid               | as1_ROM[0]  | 32x28         | LUT            | 
|Asteroid               | as1_ROM[0]  | 32x28         | LUT            | 
|Asteroid               | as1_ROM[0]  | 32x28         | LUT            | 
|sAsteroid              | sas1_ROM[0] | 32x21         | LUT            | 
|sAsteroid              | sas1_ROM[0] | 32x21         | LUT            | 
|Saucer                 | sauc_ROM[0] | 32x26         | LUT            | 
|text_gen               | text_ROM[0] | 1024x8        | LUT            | 
|text_gen               | text_ROM[0] | 1024x8        | LUT            | 
|text_gen               | text_ROM[0] | 1024x8        | LUT            | 
|text_gen               | text_ROM[0] | 1024x8        | LUT            | 
|text_gen               | text_ROM[0] | 1024x8        | LUT            | 
|Asteroid_graph_animate | ship_ROM[0] | 32x15         | LUT            | 
+-----------------------+-------------+---------------+----------------+

---------------------------------------------------------------------------------
Finished ROM, RAM, DSP, Shift Register and Retiming Reporting
---------------------------------------------------------------------------------
---------------------------------------------------------------------------------
Start Applying XDC Timing Constraints
---------------------------------------------------------------------------------
---------------------------------------------------------------------------------
Finished Applying XDC Timing Constraints : Time (s): cpu = 00:01:48 ; elapsed = 00:03:25 . Memory (MB): peak = 1217.078 ; gain = 115.531
---------------------------------------------------------------------------------
---------------------------------------------------------------------------------
Start Timing Optimization
---------------------------------------------------------------------------------
---------------------------------------------------------------------------------
Finished Timing Optimization : Time (s): cpu = 00:01:49 ; elapsed = 00:03:25 . Memory (MB): peak = 1217.078 ; gain = 115.531
---------------------------------------------------------------------------------
---------------------------------------------------------------------------------
Start Technology Mapping
---------------------------------------------------------------------------------
---------------------------------------------------------------------------------
Finished Technology Mapping : Time (s): cpu = 00:01:52 ; elapsed = 00:03:28 . Memory (MB): peak = 1248.191 ; gain = 146.645
---------------------------------------------------------------------------------
---------------------------------------------------------------------------------
Start IO Insertion
---------------------------------------------------------------------------------
---------------------------------------------------------------------------------
Start Flattening Before IO Insertion
---------------------------------------------------------------------------------
---------------------------------------------------------------------------------
Finished Flattening Before IO Insertion
---------------------------------------------------------------------------------
---------------------------------------------------------------------------------
Start Final Netlist Cleanup
---------------------------------------------------------------------------------
---------------------------------------------------------------------------------
Finished Final Netlist Cleanup
---------------------------------------------------------------------------------
---------------------------------------------------------------------------------
Finished IO Insertion : Time (s): cpu = 00:02:06 ; elapsed = 00:03:47 . Memory (MB): peak = 1262.996 ; gain = 161.449
---------------------------------------------------------------------------------
---------------------------------------------------------------------------------
Start Renaming Generated Instances
---------------------------------------------------------------------------------
---------------------------------------------------------------------------------
Finished Renaming Generated Instances : Time (s): cpu = 00:02:06 ; elapsed = 00:03:47 . Memory (MB): peak = 1262.996 ; gain = 161.449
---------------------------------------------------------------------------------
---------------------------------------------------------------------------------
Start Rebuilding User Hierarchy
---------------------------------------------------------------------------------
---------------------------------------------------------------------------------
Finished Rebuilding User Hierarchy : Time (s): cpu = 00:02:06 ; elapsed = 00:03:48 . Memory (MB): peak = 1262.996 ; gain = 161.449
---------------------------------------------------------------------------------
---------------------------------------------------------------------------------
Start Renaming Generated Ports
---------------------------------------------------------------------------------
---------------------------------------------------------------------------------
Finished Renaming Generated Ports : Time (s): cpu = 00:02:06 ; elapsed = 00:03:48 . Memory (MB): peak = 1262.996 ; gain = 161.449
---------------------------------------------------------------------------------
---------------------------------------------------------------------------------
Start Handling Custom Attributes
---------------------------------------------------------------------------------
---------------------------------------------------------------------------------
Finished Handling Custom Attributes : Time (s): cpu = 00:02:07 ; elapsed = 00:03:48 . Memory (MB): peak = 1262.996 ; gain = 161.449
---------------------------------------------------------------------------------
---------------------------------------------------------------------------------
Start Renaming Generated Nets
---------------------------------------------------------------------------------
---------------------------------------------------------------------------------
Finished Renaming Generated Nets : Time (s): cpu = 00:02:07 ; elapsed = 00:03:48 . Memory (MB): peak = 1262.996 ; gain = 161.449
---------------------------------------------------------------------------------
---------------------------------------------------------------------------------
Start Writing Synthesis Report
---------------------------------------------------------------------------------

Report BlackBoxes: 
+-+--------------+----------+
| |BlackBox name |Instances |
+-+--------------+----------+
+-+--------------+----------+

Report Cell Usage: 
+------+-------+------+
|      |Cell   |Count |
+------+-------+------+
|1     |CARRY4 |   152|
|2     |LUT1   |     8|
|3     |LUT2   |   247|
|4     |LUT3   |    45|
|5     |LUT4   |   377|
|6     |LUT5   |   191|
|7     |LUT6   |   561|
|8     |MUXF7  |    48|
|9     |MUXF8  |    12|
|10    |FDRE   |   260|
+------+-------+------+
---------------------------------------------------------------------------------
Finished Writing Synthesis Report : Time (s): cpu = 00:02:07 ; elapsed = 00:03:48 . Memory (MB): peak = 1262.996 ; gain = 161.449
---------------------------------------------------------------------------------
Synthesis finished with 0 errors, 0 critical warnings and 0 warnings.
Synthesis Optimization Runtime : Time (s): cpu = 00:01:40 ; elapsed = 00:03:38 . Memory (MB): peak = 1262.996 ; gain = 45.918
Synthesis Optimization Complete : Time (s): cpu = 00:02:07 ; elapsed = 00:03:48 . Memory (MB): peak = 1262.996 ; gain = 161.449
INFO: [Project 1-571] Translating synthesized netlist
Netlist sorting complete. Time (s): cpu = 00:00:00 ; elapsed = 00:00:00.159 . Memory (MB): peak = 1268.055 ; gain = 0.000
INFO: [Netlist 29-17] Analyzing 212 Unisim elements for replacement
INFO: [Netlist 29-28] Unisim Transformation completed in 0 CPU seconds
INFO: [Project 1-570] Preparing netlist for logic optimization
INFO: [Opt 31-138] Pushed 0 inverter(s) to 0 load pin(s).
Netlist sorting complete. Time (s): cpu = 00:00:00 ; elapsed = 00:00:00.001 . Memory (MB): peak = 1268.055 ; gain = 0.000
INFO: [Project 1-111] Unisim Transformation Summary:
No Unisim elements were transformed.

INFO: [Common 17-83] Releasing license: Synthesis
74 Infos, 6 Warnings, 0 Critical Warnings and 0 Errors encountered.
synth_design completed successfully
synth_design: Time (s): cpu = 00:02:26 ; elapsed = 00:04:34 . Memory (MB): peak = 1268.055 ; gain = 166.508
INFO: [Common 17-1381] The checkpoint 'C:/Users/khali/ENSC_452_git/ENSC_452/DUAL_CPU/dual_cpu.runs/design_1_Asteroid_graph_anima_0_0_synth_1/design_1_Asteroid_graph_anima_0_0.dcp' has been generated.
WARNING: [Common 17-576] 'use_project_ipc' is deprecated. This option is deprecated and no longer used.
INFO: [Coretcl 2-1174] Renamed 9 cell refs.
INFO: [Common 17-1381] The checkpoint 'C:/Users/khali/ENSC_452_git/ENSC_452/DUAL_CPU/dual_cpu.runs/design_1_Asteroid_graph_anima_0_0_synth_1/design_1_Asteroid_graph_anima_0_0.dcp' has been generated.
INFO: [runtcl-4] Executing : report_utilization -file design_1_Asteroid_graph_anima_0_0_utilization_synth.rpt -pb design_1_Asteroid_graph_anima_0_0_utilization_synth.pb
INFO: [Common 17-206] Exiting Vivado at Fri Apr  9 14:01:16 2021...
