#-----------------------------------------------------------
# Vivado v2020.2 (64-bit)
# SW Build 3064766 on Wed Nov 18 09:12:45 MST 2020
# IP Build 3064653 on Wed Nov 18 14:17:31 MST 2020
# Start of session at: Sun Apr 11 20:45:13 2021
# Process ID: 26400
# Current directory: C:/Users/khali/ENSC_452_git/ENSC_452/DUAL_CPU
# Command line: vivado.exe -gui_launcher_event rodinguilauncherevent29372 C:\Users\khali\ENSC_452_git\ENSC_452\DUAL_CPU\dual_cpu.xpr
# Log file: C:/Users/khali/ENSC_452_git/ENSC_452/DUAL_CPU/vivado.log
# Journal file: C:/Users/khali/ENSC_452_git/ENSC_452/DUAL_CPU\vivado.jou
#-----------------------------------------------------------
start_gui
open_project C:/Users/khali/ENSC_452_git/ENSC_452/DUAL_CPU/dual_cpu.xpr
Scanning sources...
Finished scanning sources
INFO: [IP_Flow 19-234] Refreshing IP repositories
INFO: [IP_Flow 19-1700] Loaded user IP repository 'c:/Users/khali/ENSC_452_git/ENSC_452/DUAL_CPU/ip_repo'.
INFO: [IP_Flow 19-2313] Loaded Vivado IP repository 'C:/Xilinx/Vivado/2020.2/data/ip'.
open_project: Time (s): cpu = 00:00:52 ; elapsed = 00:00:38 . Memory (MB): peak = 1100.484 ; gain = 0.000
open_bd_design {C:/Users/khali/ENSC_452_git/ENSC_452/DUAL_CPU/dual_cpu.srcs/sources_1/bd/design_1/design_1.bd}
Reading block design file <C:/Users/khali/ENSC_452_git/ENSC_452/DUAL_CPU/dual_cpu.srcs/sources_1/bd/design_1/design_1.bd>...
Adding component instance block -- xilinx.com:ip:processing_system7:5.5 - processing_system7_0
Adding component instance block -- xilinx.com:user:myI2STx:1.0 - myI2STx_0
Adding component instance block -- xilinx.com:user:myPrescaler:1.0 - myPrescaler_0
Adding component instance block -- xilinx.com:user:mySPIRxTx:1.0 - mySPIRxTx_0
Adding component instance block -- xilinx.com:ip:axi_dma:7.1 - axi_dma_0
Adding component instance block -- xilinx.com:ip:axi_interconnect:2.1 - ps7_0_axi_periph
Adding component instance block -- xilinx.com:ip:axi_crossbar:2.1 - xbar
Adding component instance block -- xilinx.com:ip:axi_protocol_converter:2.1 - auto_pc
Adding component instance block -- xilinx.com:ip:proc_sys_reset:5.0 - rst_ps7_0_100M
Adding component instance block -- xilinx.com:user:myPrescaler:1.0 - myPrescaler_1
Adding component instance block -- xilinx.com:ip:axi_fifo_mm_s:4.2 - axi_fifo_mm_s_0
Adding component instance block -- xilinx.com:ip:smartconnect:1.0 - smartconnect_0
Adding component instance block -- xilinx.com:ip:axi_gpio:2.0 - axi_gpio_0
Adding component instance block -- xilinx.com:ip:clk_wiz:6.0 - clk_wiz_0
Adding component instance block -- xilinx.com:ip:proc_sys_reset:5.0 - rst_clk_wiz_0_50M
Adding component instance block -- xilinx.com:ip:xlslice:1.0 - xlslice_0
Adding component instance block -- xilinx.com:ip:xlslice:1.0 - xlslice_1
Adding component instance block -- xilinx.com:ip:xlslice:1.0 - xlslice_2
Adding component instance block -- xilinx.com:user:lfsr_7:1.0 - lfsr_7_0
Adding component instance block -- xilinx.com:module_ref:Asteroid_graph_animate:1.0 - Asteroid_graph_anima_0
Adding component instance block -- xilinx.com:module_ref:Asteroid_Menu:1.0 - Asteroid_Menu_0
Adding component instance block -- xilinx.com:module_ref:vga_sync:1.0 - vga_sync_0
Adding component instance block -- xilinx.com:user:GPU_controller:2.0 - GPU_controller_0
Adding component instance block -- xilinx.com:ip:axi_gpio:2.0 - axi_gpio_1
Adding component instance block -- xilinx.com:ip:xlconcat:2.1 - xlconcat_0
Successfully read diagram <design_1> from block design file <C:/Users/khali/ENSC_452_git/ENSC_452/DUAL_CPU/dual_cpu.srcs/sources_1/bd/design_1/design_1.bd>
open_bd_design: Time (s): cpu = 00:01:02 ; elapsed = 00:00:49 . Memory (MB): peak = 1160.496 ; gain = 60.012
update_compile_order -fileset sources_1
set_property location {7 2346 2158} [get_bd_cells axi_gpio_1]
set_property location {8 2787 1850} [get_bd_cells myPrescaler_0]
set_property location {3033 2153} [get_bd_intf_ports sws_8bits]
set_property location {6 1860 1556} [get_bd_cells myPrescaler_0]
set_property location {6 1879 1879} [get_bd_cells lfsr_7_0]
exit
INFO: [Common 17-206] Exiting Vivado at Sun Apr 11 23:25:04 2021...
