
*** Running vivado
    with args -log design_1_myPrescaler_1_0.vds -m64 -product Vivado -mode batch -messageDb vivado.pb -notrace -source design_1_myPrescaler_1_0.tcl



****** Vivado v2020.2 (64-bit)
  **** SW Build 3064766 on Wed Nov 18 09:12:45 MST 2020
  **** IP Build 3064653 on Wed Nov 18 14:17:31 MST 2020
    ** Copyright 1986-2020 Xilinx, Inc. All Rights Reserved.

source design_1_myPrescaler_1_0.tcl -notrace
create_project: Time (s): cpu = 00:00:05 ; elapsed = 00:00:05 . Memory (MB): peak = 1101.891 ; gain = 0.000
INFO: [IP_Flow 19-234] Refreshing IP repositories
INFO: [IP_Flow 19-1700] Loaded user IP repository 'c:/Users/khali/ENSC_452_git/ENSC_452/DUAL_CPU/ip_repo'.
INFO: [IP_Flow 19-2313] Loaded Vivado IP repository 'C:/Xilinx/Vivado/2020.2/data/ip'.
Command: synth_design -top design_1_myPrescaler_1_0 -part xc7z020clg484-1 -mode out_of_context
Starting synth_design
Attempting to get a license for feature 'Synthesis' and/or device 'xc7z020'
INFO: [Common 17-349] Got license for feature 'Synthesis' and/or device 'xc7z020'
INFO: [Device 21-403] Loading part xc7z020clg484-1
INFO: [Synth 8-7079] Multithreading enabled for synth_design using a maximum of 2 processes.
INFO: [Synth 8-7078] Launching helper process for spawning children vivado processes
INFO: [Synth 8-7075] Helper process launched with PID 12748
---------------------------------------------------------------------------------
Starting RTL Elaboration : Time (s): cpu = 00:00:12 ; elapsed = 00:00:18 . Memory (MB): peak = 1101.891 ; gain = 0.000
---------------------------------------------------------------------------------
INFO: [Synth 8-6157] synthesizing module 'design_1_myPrescaler_1_0' [c:/Users/khali/ENSC_452_git/ENSC_452/DUAL_CPU/dual_cpu.gen/sources_1/bd/design_1/ip/design_1_myPrescaler_1_0/synth/design_1_myPrescaler_1_0.v:58]
INFO: [Synth 8-6157] synthesizing module 'myPrescaler' [c:/Users/khali/ENSC_452_git/ENSC_452/DUAL_CPU/dual_cpu.gen/sources_1/bd/design_1/ipshared/b8a7/myPrescaler.v:23]
	Parameter CounterWidth bound to: 4 - type: integer 
	Parameter ResetValue bound to: 4 - type: integer 
INFO: [Synth 8-6155] done synthesizing module 'myPrescaler' (1#1) [c:/Users/khali/ENSC_452_git/ENSC_452/DUAL_CPU/dual_cpu.gen/sources_1/bd/design_1/ipshared/b8a7/myPrescaler.v:23]
INFO: [Synth 8-6155] done synthesizing module 'design_1_myPrescaler_1_0' (2#1) [c:/Users/khali/ENSC_452_git/ENSC_452/DUAL_CPU/dual_cpu.gen/sources_1/bd/design_1/ip/design_1_myPrescaler_1_0/synth/design_1_myPrescaler_1_0.v:58]
---------------------------------------------------------------------------------
Finished RTL Elaboration : Time (s): cpu = 00:00:15 ; elapsed = 00:00:24 . Memory (MB): peak = 1101.891 ; gain = 0.000
---------------------------------------------------------------------------------
---------------------------------------------------------------------------------
Start Handling Custom Attributes
---------------------------------------------------------------------------------
---------------------------------------------------------------------------------
Finished Handling Custom Attributes : Time (s): cpu = 00:00:16 ; elapsed = 00:00:26 . Memory (MB): peak = 1101.891 ; gain = 0.000
---------------------------------------------------------------------------------
---------------------------------------------------------------------------------
Finished RTL Optimization Phase 1 : Time (s): cpu = 00:00:16 ; elapsed = 00:00:26 . Memory (MB): peak = 1101.891 ; gain = 0.000
---------------------------------------------------------------------------------
Netlist sorting complete. Time (s): cpu = 00:00:00 ; elapsed = 00:00:00.001 . Memory (MB): peak = 1101.891 ; gain = 0.000
INFO: [Project 1-570] Preparing netlist for logic optimization

Processing XDC Constraints
Initializing timing engine
Completed Processing XDC Constraints

Netlist sorting complete. Time (s): cpu = 00:00:00 ; elapsed = 00:00:00 . Memory (MB): peak = 1152.016 ; gain = 0.000
INFO: [Project 1-111] Unisim Transformation Summary:
No Unisim elements were transformed.

Constraint Validation Runtime : Time (s): cpu = 00:00:00 ; elapsed = 00:00:00.137 . Memory (MB): peak = 1152.020 ; gain = 0.004

*** Running vivado
    with args -log design_1_myPrescaler_1_0.vds -m64 -product Vivado -mode batch -messageDb vivado.pb -notrace -source design_1_myPrescaler_1_0.tcl



****** Vivado v2020.2 (64-bit)
  **** SW Build 3064766 on Wed Nov 18 09:12:45 MST 2020
  **** IP Build 3064653 on Wed Nov 18 14:17:31 MST 2020
    ** Copyright 1986-2020 Xilinx, Inc. All Rights Reserved.

source design_1_myPrescaler_1_0.tcl -notrace
create_project: Time (s): cpu = 00:00:04 ; elapsed = 00:00:06 . Memory (MB): peak = 1100.602 ; gain = 0.000
INFO: [IP_Flow 19-234] Refreshing IP repositories
INFO: [IP_Flow 19-1700] Loaded user IP repository 'c:/Users/khali/ENSC_452_git/ENSC_452/DUAL_CPU/ip_repo'.
INFO: [IP_Flow 19-2313] Loaded Vivado IP repository 'C:/Xilinx/Vivado/2020.2/data/ip'.
Command: synth_design -top design_1_myPrescaler_1_0 -part xc7z020clg484-1 -mode out_of_context
Starting synth_design
Attempting to get a license for feature 'Synthesis' and/or device 'xc7z020'
INFO: [Common 17-349] Got license for feature 'Synthesis' and/or device 'xc7z020'
INFO: [Device 21-403] Loading part xc7z020clg484-1
INFO: [Synth 8-7079] Multithreading enabled for synth_design using a maximum of 2 processes.
INFO: [Synth 8-7078] Launching helper process for spawning children vivado processes
INFO: [Synth 8-7075] Helper process launched with PID 19308
---------------------------------------------------------------------------------
Starting RTL Elaboration : Time (s): cpu = 00:00:13 ; elapsed = 00:00:19 . Memory (MB): peak = 1100.602 ; gain = 0.000
---------------------------------------------------------------------------------
INFO: [Synth 8-6157] synthesizing module 'design_1_myPrescaler_1_0' [c:/Users/khali/ENSC_452_git/ENSC_452/DUAL_CPU/dual_cpu.gen/sources_1/bd/design_1/ip/design_1_myPrescaler_1_0/synth/design_1_myPrescaler_1_0.v:58]
INFO: [Synth 8-6157] synthesizing module 'myPrescaler' [c:/Users/khali/ENSC_452_git/ENSC_452/DUAL_CPU/dual_cpu.gen/sources_1/bd/design_1/ipshared/b8a7/myPrescaler.v:23]
	Parameter CounterWidth bound to: 4 - type: integer 
	Parameter ResetValue bound to: 4 - type: integer 
INFO: [Synth 8-6155] done synthesizing module 'myPrescaler' (1#1) [c:/Users/khali/ENSC_452_git/ENSC_452/DUAL_CPU/dual_cpu.gen/sources_1/bd/design_1/ipshared/b8a7/myPrescaler.v:23]
INFO: [Synth 8-6155] done synthesizing module 'design_1_myPrescaler_1_0' (2#1) [c:/Users/khali/ENSC_452_git/ENSC_452/DUAL_CPU/dual_cpu.gen/sources_1/bd/design_1/ip/design_1_myPrescaler_1_0/synth/design_1_myPrescaler_1_0.v:58]
---------------------------------------------------------------------------------
Finished RTL Elaboration : Time (s): cpu = 00:00:16 ; elapsed = 00:00:24 . Memory (MB): peak = 1100.602 ; gain = 0.000
---------------------------------------------------------------------------------
---------------------------------------------------------------------------------
Start Handling Custom Attributes
---------------------------------------------------------------------------------
---------------------------------------------------------------------------------
Finished Handling Custom Attributes : Time (s): cpu = 00:00:17 ; elapsed = 00:00:26 . Memory (MB): peak = 1100.602 ; gain = 0.000
---------------------------------------------------------------------------------
---------------------------------------------------------------------------------
Finished RTL Optimization Phase 1 : Time (s): cpu = 00:00:17 ; elapsed = 00:00:26 . Memory (MB): peak = 1100.602 ; gain = 0.000
---------------------------------------------------------------------------------
Netlist sorting complete. Time (s): cpu = 00:00:00 ; elapsed = 00:00:00.001 . Memory (MB): peak = 1100.602 ; gain = 0.000
INFO: [Project 1-570] Preparing netlist for logic optimization

Processing XDC Constraints
Initializing timing engine
Completed Processing XDC Constraints

Netlist sorting complete. Time (s): cpu = 00:00:00 ; elapsed = 00:00:00 . Memory (MB): peak = 1151.785 ; gain = 0.000
INFO: [Project 1-111] Unisim Transformation Summary:
No Unisim elements were transformed.

Constraint Validation Runtime : Time (s): cpu = 00:00:00 ; elapsed = 00:00:00.052 . Memory (MB): peak = 1151.785 ; gain = 0.000
---------------------------------------------------------------------------------
Finished Constraint Validation : Time (s): cpu = 00:00:35 ; elapsed = 00:00:50 . Memory (MB): peak = 1151.785 ; gain = 51.184
---------------------------------------------------------------------------------
---------------------------------------------------------------------------------
Start Loading Part and Timing Information
---------------------------------------------------------------------------------
Loading part: xc7z020clg484-1
---------------------------------------------------------------------------------
Finished Loading Part and Timing Information : Time (s): cpu = 00:00:35 ; elapsed = 00:00:50 . Memory (MB): peak = 1151.785 ; gain = 51.184
---------------------------------------------------------------------------------
---------------------------------------------------------------------------------
Start Applying 'set_property' XDC Constraints
---------------------------------------------------------------------------------
---------------------------------------------------------------------------------
Finished applying 'set_property' XDC Constraints : Time (s): cpu = 00:00:35 ; elapsed = 00:00:50 . Memory (MB): peak = 1151.785 ; gain = 51.184
---------------------------------------------------------------------------------
---------------------------------------------------------------------------------
Finished RTL Optimization Phase 2 : Time (s): cpu = 00:00:36 ; elapsed = 00:00:51 . Memory (MB): peak = 1151.785 ; gain = 51.184
---------------------------------------------------------------------------------
---------------------------------------------------------------------------------
Start RTL Component Statistics 
---------------------------------------------------------------------------------
Detailed RTL Component Info : 
+---Adders : 
	   2 Input    4 Bit       Adders := 1     
+---Registers : 
	                4 Bit    Registers := 1     
	                1 Bit    Registers := 1     
+---Muxes : 
	   2 Input    4 Bit        Muxes := 1     
	   2 Input    1 Bit        Muxes := 1     
---------------------------------------------------------------------------------
Finished RTL Component Statistics 
---------------------------------------------------------------------------------
---------------------------------------------------------------------------------
Start Part Resource Summary
---------------------------------------------------------------------------------
Part Resources:
DSPs: 220 (col length:60)
BRAMs: 280 (col length: RAMB18 60 RAMB36 30)
---------------------------------------------------------------------------------
Finished Part Resource Summary
---------------------------------------------------------------------------------
---------------------------------------------------------------------------------
Start Cross Boundary and Area Optimization
---------------------------------------------------------------------------------
---------------------------------------------------------------------------------
Finished Cross Boundary and Area Optimization : Time (s): cpu = 00:00:40 ; elapsed = 00:00:56 . Memory (MB): peak = 1151.785 ; gain = 51.184
---------------------------------------------------------------------------------
---------------------------------------------------------------------------------
Start Applying XDC Timing Constraints
---------------------------------------------------------------------------------
---------------------------------------------------------------------------------
Finished Applying XDC Timing Constraints : Time (s): cpu = 00:00:59 ; elapsed = 00:01:22 . Memory (MB): peak = 1178.488 ; gain = 77.887
---------------------------------------------------------------------------------
---------------------------------------------------------------------------------
Start Timing Optimization
---------------------------------------------------------------------------------
---------------------------------------------------------------------------------
Finished Timing Optimization : Time (s): cpu = 00:00:59 ; elapsed = 00:01:22 . Memory (MB): peak = 1178.488 ; gain = 77.887
---------------------------------------------------------------------------------
---------------------------------------------------------------------------------
Start Technology Mapping
---------------------------------------------------------------------------------
---------------------------------------------------------------------------------
Finished Technology Mapping : Time (s): cpu = 00:00:59 ; elapsed = 00:01:22 . Memory (MB): peak = 1197.547 ; gain = 96.945
---------------------------------------------------------------------------------
---------------------------------------------------------------------------------
Start IO Insertion
---------------------------------------------------------------------------------
---------------------------------------------------------------------------------
Start Flattening Before IO Insertion
---------------------------------------------------------------------------------
---------------------------------------------------------------------------------
Finished Flattening Before IO Insertion
---------------------------------------------------------------------------------
---------------------------------------------------------------------------------
Start Final Netlist Cleanup
---------------------------------------------------------------------------------
---------------------------------------------------------------------------------
Finished Final Netlist Cleanup
---------------------------------------------------------------------------------
---------------------------------------------------------------------------------
Finished IO Insertion : Time (s): cpu = 00:01:14 ; elapsed = 00:01:43 . Memory (MB): peak = 1203.344 ; gain = 102.742
---------------------------------------------------------------------------------
---------------------------------------------------------------------------------
Start Renaming Generated Instances
---------------------------------------------------------------------------------
---------------------------------------------------------------------------------
Finished Renaming Generated Instances : Time (s): cpu = 00:01:14 ; elapsed = 00:01:43 . Memory (MB): peak = 1203.344 ; gain = 102.742
---------------------------------------------------------------------------------
---------------------------------------------------------------------------------
Start Rebuilding User Hierarchy
---------------------------------------------------------------------------------
---------------------------------------------------------------------------------
Finished Rebuilding User Hierarchy : Time (s): cpu = 00:01:14 ; elapsed = 00:01:43 . Memory (MB): peak = 1203.344 ; gain = 102.742
---------------------------------------------------------------------------------
---------------------------------------------------------------------------------
Start Renaming Generated Ports
---------------------------------------------------------------------------------
---------------------------------------------------------------------------------
Finished Renaming Generated Ports : Time (s): cpu = 00:01:14 ; elapsed = 00:01:43 . Memory (MB): peak = 1203.344 ; gain = 102.742
---------------------------------------------------------------------------------
---------------------------------------------------------------------------------
Start Handling Custom Attributes
---------------------------------------------------------------------------------
---------------------------------------------------------------------------------
Finished Handling Custom Attributes : Time (s): cpu = 00:01:14 ; elapsed = 00:01:43 . Memory (MB): peak = 1203.344 ; gain = 102.742
---------------------------------------------------------------------------------
---------------------------------------------------------------------------------
Start Renaming Generated Nets
---------------------------------------------------------------------------------
---------------------------------------------------------------------------------
Finished Renaming Generated Nets : Time (s): cpu = 00:01:14 ; elapsed = 00:01:43 . Memory (MB): peak = 1203.344 ; gain = 102.742
---------------------------------------------------------------------------------
---------------------------------------------------------------------------------
Start Writing Synthesis Report
---------------------------------------------------------------------------------

Report BlackBoxes: 
+-+--------------+----------+
| |BlackBox name |Instances |
+-+--------------+----------+
+-+--------------+----------+

Report Cell Usage: 
+------+-----+------+
|      |Cell |Count |
+------+-----+------+
|1     |LUT1 |     1|
|2     |LUT2 |     1|
|3     |LUT3 |     1|
|4     |LUT4 |     2|
|5     |LUT5 |     1|
|6     |FDRE |     5|
+------+-----+------+
---------------------------------------------------------------------------------
Finished Writing Synthesis Report : Time (s): cpu = 00:01:14 ; elapsed = 00:01:43 . Memory (MB): peak = 1203.344 ; gain = 102.742
---------------------------------------------------------------------------------
Synthesis finished with 0 errors, 0 critical warnings and 0 warnings.
Synthesis Optimization Runtime : Time (s): cpu = 00:00:51 ; elapsed = 00:01:35 . Memory (MB): peak = 1203.344 ; gain = 51.559
Synthesis Optimization Complete : Time (s): cpu = 00:01:14 ; elapsed = 00:01:43 . Memory (MB): peak = 1203.344 ; gain = 102.742
INFO: [Project 1-571] Translating synthesized netlist
Netlist sorting complete. Time (s): cpu = 00:00:00 ; elapsed = 00:00:00.012 . Memory (MB): peak = 1215.395 ; gain = 0.000
INFO: [Project 1-570] Preparing netlist for logic optimization
INFO: [Opt 31-138] Pushed 0 inverter(s) to 0 load pin(s).
Netlist sorting complete. Time (s): cpu = 00:00:00 ; elapsed = 00:00:00 . Memory (MB): peak = 1221.422 ; gain = 0.000
INFO: [Project 1-111] Unisim Transformation Summary:
No Unisim elements were transformed.

INFO: [Common 17-83] Releasing license: Synthesis
19 Infos, 0 Warnings, 0 Critical Warnings and 0 Errors encountered.
synth_design completed successfully
synth_design: Time (s): cpu = 00:01:32 ; elapsed = 00:02:22 . Memory (MB): peak = 1221.422 ; gain = 120.820
INFO: [Common 17-1381] The checkpoint 'C:/Users/khali/ENSC_452_git/ENSC_452/DUAL_CPU/dual_cpu.runs/design_1_myPrescaler_1_0_synth_1/design_1_myPrescaler_1_0.dcp' has been generated.
WARNING: [Common 17-576] 'use_project_ipc' is deprecated. This option is deprecated and no longer used.
INFO: [Coretcl 2-1648] Added synthesis output to IP cache for IP design_1_myPrescaler_1_0, cache-ID = 93adc2cb0473392f
INFO: [Common 17-1381] The checkpoint 'C:/Users/khali/ENSC_452_git/ENSC_452/DUAL_CPU/dual_cpu.runs/design_1_myPrescaler_1_0_synth_1/design_1_myPrescaler_1_0.dcp' has been generated.
INFO: [runtcl-4] Executing : report_utilization -file design_1_myPrescaler_1_0_utilization_synth.rpt -pb design_1_myPrescaler_1_0_utilization_synth.pb
INFO: [Common 17-206] Exiting Vivado at Fri Apr  2 00:18:12 2021...
